<?xml version="1.0" encoding="UTF-8"?>
<testng-results ignored="0" total="1" passed="1" failed="0" skipped="0">
  <reporter-output>
  </reporter-output>
  <suite started-at="2021-06-08T01:40:08 IST" name="Default suite" finished-at="2021-06-08T01:40:13 IST" duration-ms="4265">
    <groups>
    </groups>
    <test started-at="2021-06-08T01:40:08 IST" name="Default test" finished-at="2021-06-08T01:40:13 IST" duration-ms="4265">
      <class name="API_First_MavenProject.API_First_MavenProject.soapAPIvalidation">
        <test-method signature="soapAPITest()[pri:0, instance:API_First_MavenProject.API_First_MavenProject.soapAPIvalidation@3cc2931c]" started-at="2021-06-08T01:40:08 IST" name="soapAPITest" finished-at="2021-06-08T01:40:13 IST" duration-ms="4220" status="PASS">
          <reporter-output>
          </reporter-output>
        </test-method> <!-- soapAPITest -->
      </class> <!-- API_First_MavenProject.API_First_MavenProject.soapAPIvalidation -->
    </test> <!-- Default test -->
  </suite> <!-- Default suite -->
</testng-results>
